2025-09-05 19:10:23,099 - data_ingestion - ERROR - File not found: params.yaml
2025-09-05 19:10:23,099 - data_ingestion - ERROR - Failed to complete the data ingestion process: [Errno 2] No such file or directory: 'params.yaml'
2025-09-05 19:12:17,937 - data_ingestion - DEBUG - Parameters retrieved from params.yaml
2025-09-05 19:12:18,965 - data_ingestion - DEBUG - Data loaded from https://raw.githubusercontent.com/vikashishere/Datasets/main/spam.csv
2025-09-05 19:12:18,977 - data_ingestion - DEBUG - Data preprocessing completed
2025-09-05 19:12:18,993 - data_ingestion - DEBUG - Train and test data saved to ./data\raw
2025-09-06 20:10:53,511 - data_ingestion - DEBUG - Parameters retrieved from params.yaml
2025-09-06 20:10:55,060 - data_ingestion - DEBUG - Data loaded from https://raw.githubusercontent.com/vikashishere/Datasets/main/spam.csv
2025-09-06 20:10:55,067 - data_ingestion - DEBUG - Data preprocessing completed
2025-09-06 20:10:55,080 - data_ingestion - DEBUG - Train and test data saved to ./data\raw
2025-09-06 20:12:06,283 - data_ingestion - DEBUG - Parameters retrieved from params.yaml
2025-09-06 20:12:06,947 - data_ingestion - DEBUG - Data loaded from https://raw.githubusercontent.com/vikashishere/Datasets/main/spam.csv
2025-09-06 20:12:06,948 - data_ingestion - DEBUG - Data preprocessing completed
2025-09-06 20:12:06,957 - data_ingestion - DEBUG - Train and test data saved to ./data\raw
2025-09-06 20:21:13,256 - data_ingestion - DEBUG - Parameters retrieved from params.yaml
2025-09-06 20:21:14,046 - data_ingestion - DEBUG - Data loaded from https://raw.githubusercontent.com/vikashishere/Datasets/main/spam.csv
2025-09-06 20:21:14,048 - data_ingestion - DEBUG - Data preprocessing completed
2025-09-06 20:21:14,058 - data_ingestion - DEBUG - Train and test data saved to ./data\raw
2025-09-06 21:30:21,665 - data_ingestion - DEBUG - Parameters retrieved from params.yaml
2025-09-06 21:30:24,767 - data_ingestion - DEBUG - Data loaded from https://raw.githubusercontent.com/vikashishere/Datasets/main/spam.csv
2025-09-06 21:30:24,774 - data_ingestion - DEBUG - Data preprocessing completed
2025-09-06 21:30:24,786 - data_ingestion - DEBUG - Train and test data saved to ./data\raw
2025-09-06 22:12:41,823 - data_ingestion - DEBUG - Parameters retrieved from params.yaml
2025-09-06 22:12:42,732 - data_ingestion - DEBUG - Data loaded from https://raw.githubusercontent.com/vikashishere/Datasets/main/spam.csv
2025-09-06 22:12:42,733 - data_ingestion - DEBUG - Data preprocessing completed
2025-09-06 22:12:42,744 - data_ingestion - DEBUG - Train and test data saved to ./data\raw
2025-09-06 22:22:19,892 - data_ingestion - DEBUG - Parameters retrieved from params.yaml
2025-09-06 22:22:21,196 - data_ingestion - DEBUG - Data loaded from https://raw.githubusercontent.com/vikashishere/Datasets/main/spam.csv
2025-09-06 22:22:21,198 - data_ingestion - DEBUG - Data preprocessing completed
2025-09-06 22:22:21,209 - data_ingestion - DEBUG - Train and test data saved to ./data\raw
2025-09-06 22:24:07,232 - data_ingestion - DEBUG - Parameters retrieved from params.yaml
2025-09-06 22:24:08,083 - data_ingestion - DEBUG - Data loaded from https://raw.githubusercontent.com/vikashishere/Datasets/main/spam.csv
2025-09-06 22:24:08,085 - data_ingestion - DEBUG - Data preprocessing completed
2025-09-06 22:24:08,094 - data_ingestion - DEBUG - Train and test data saved to ./data\raw
2025-09-07 00:44:54,448 - data_ingestion - DEBUG - Parameters retrieved from params.yaml
2025-09-07 00:44:59,822 - data_ingestion - DEBUG - Data loaded from https://raw.githubusercontent.com/vikashishere/Datasets/main/spam.csv
2025-09-07 00:44:59,827 - data_ingestion - DEBUG - Data preprocessing completed
2025-09-07 00:44:59,843 - data_ingestion - DEBUG - Train and test data saved to ./data\raw
2025-09-07 00:46:34,417 - data_ingestion - DEBUG - Parameters retrieved from params.yaml
2025-09-07 00:46:35,069 - data_ingestion - DEBUG - Data loaded from https://raw.githubusercontent.com/vikashishere/Datasets/main/spam.csv
2025-09-07 00:46:35,070 - data_ingestion - DEBUG - Data preprocessing completed
2025-09-07 00:46:35,082 - data_ingestion - DEBUG - Train and test data saved to ./data\raw
